<?xml version="1.0" encoding="UTF-8"?>
<!-- Generated by org.testng.reporters.JUnitReportReporter -->
<testsuite skipped="0" hostname="INBEN10234L" name="Academy.validateTitle" tests="1" failures="0" timestamp="10 Apr 2019 06:20:13 GMT" time="0.052" errors="0">
  <testcase name="validatePageTitle" time="0.052" classname="Academy.validateTitle"/>
</testsuite> <!-- Academy.validateTitle -->
