<?xml version="1.0" encoding="UTF-8"?>
<!-- Generated by org.testng.reporters.JUnitReportReporter -->
<testsuite skipped="0" hostname="INBEN10234L" name="Academy.HomePage" tests="2" failures="0" timestamp="10 Apr 2019 06:20:13 GMT" time="22.649" errors="0">
  <testcase name="basePageNavigation" time="17.106" classname="Academy.HomePage"/>
  <testcase name="basePageNavigation" time="5.543" classname="Academy.HomePage"/>
</testsuite> <!-- Academy.HomePage -->
