<?xml version="1.0" encoding="UTF-8"?>
<!-- Generated by org.testng.reporters.JUnitReportReporter -->
<testsuite skipped="0" hostname="INBEN10234L" name="Academy.HomePage" tests="2" failures="0" timestamp="10 Apr 2019 09:32:11 GMT" time="23.058" errors="0">
  <testcase name="basePageNavigation" time="5.388" classname="Academy.HomePage"/>
  <testcase name="basePageNavigation" time="17.670" classname="Academy.HomePage"/>
</testsuite> <!-- Academy.HomePage -->
