<?xml version="1.0" encoding="UTF-8"?>
<!-- Generated by org.testng.reporters.JUnitReportReporter -->
<testsuite skipped="0" hostname="INBEN10234L" name="Academy.validateNavigationbar" tests="1" failures="0" timestamp="10 Apr 2019 09:32:11 GMT" time="0.059" errors="0">
  <testcase name="validateNavigation" time="0.059" classname="Academy.validateNavigationbar"/>
</testsuite> <!-- Academy.validateNavigationbar -->
